Run Times For File Size: 600099
Parsing Duration: 3580 ms
BD Query Duration: 233 ms
Stat Log Duration: 0 ms

Run Times For File Size: 300049
Parsing Duration: 1913 ms
BD Query Duration: 197 ms
Stat Log Duration: 0 ms

Run Times For File Size: 300049
Parsing Duration: 1912 ms
BD Query Duration: 178 ms
Stat Log Duration: 0 ms

Run Times For File Size: 300049
Parsing Duration: 1864 ms
BD Query Duration: 142 ms
Stat Log Duration: 0 ms

Run Times For File Size: 300049
Parsing Duration: 1837 ms
BD Query Duration: 192 ms
Stat Log Duration: 0 ms

Run Times For File Size: 300049
Parsing Duration: 1943 ms
BD Query Duration: 141 ms
Stat Log Duration: 0 ms

Run Times For File Size: 6001
Parsing Duration: 81 ms
BD Query Duration: 21 ms
Stat Log Duration: 0 ms

Run Times For File Size: 6001
Parsing Duration: 77 ms
BD Query Duration: 20 ms
Stat Log Duration: 0 ms

Run Times For File Size: 6001
Parsing Duration: 84 ms
BD Query Duration: 21 ms
Stat Log Duration: 0 ms

Run Times For File Size: 6001
Parsing Duration: 82 ms
BD Query Duration: 20 ms
Stat Log Duration: 0 ms

Run Times For File Size: 6001
Parsing Duration: 81 ms
BD Query Duration: 60 ms
Stat Log Duration: 0 ms

Run Times For File Size: 600099
Parsing Duration: 3416 ms
BD Query Duration: 285 ms
Stat Log Duration: 0 ms

Run Times For File Size: 600099
Parsing Duration: 3623 ms
BD Query Duration: 256 ms
Stat Log Duration: 0 ms

Run Times For File Size: 600099
Parsing Duration: 3554 ms
BD Query Duration: 231 ms
Stat Log Duration: 0 ms

Run Times For File Size: 600099
Parsing Duration: 3463 ms
BD Query Duration: 231 ms
Stat Log Duration: 0 ms

------- All Lines Valid -------

Run Times For File Size: 491999
Parsing Duration: 1525 ms
BD Query Duration: 2279 ms
Stat Log Duration: 0 ms

Run Times For File Size: 491999
Parsing Duration: 1477 ms
BD Query Duration: 2150 ms
Stat Log Duration: 0 ms

Run Times For File Size: 491999
Parsing Duration: 1529 ms
BD Query Duration: 2213 ms
Stat Log Duration: 0 ms

Run Times For File Size: 491999
Parsing Duration: 1512 ms
BD Query Duration: 2152 ms
Stat Log Duration: 0 ms

Run Times For File Size: 491999
Parsing Duration: 1494 ms
BD Query Duration: 2133 ms
Stat Log Duration: 0 ms

Run Times For File Size: 491999
Parsing Duration: 1541 ms
BD Query Duration: 2268 ms
Stat Log Duration: 0 ms

Run Times For File Size: 491999
Parsing Duration: 1484 ms
BD Query Duration: 2157 ms
Stat Log Duration: 1 ms

Run Times For File Size: 491999
Parsing Duration: 1627 ms
BD Query Duration: 2248 ms
Stat Log Duration: 0 ms

Run Times For File Size: 491999
Parsing Duration: 1520 ms
BD Query Duration: 2242 ms
Stat Log Duration: 0 ms